<?xml version="1.0" encoding="UTF-8"?>
<!-- Generated by org.testng.reporters.JUnitReportReporter -->
<testsuite skipped="0" hostname="Niks" name="com.softwaretestingboard.magento.AppTest" tests="1" failures="0" timestamp="2023-04-30T12:03:14 AEST" time="0.003" errors="0">
  <testcase name="testApp" time="0.003" classname="com.softwaretestingboard.magento.AppTest"/>
  <system-out/>
</testsuite> <!-- com.softwaretestingboard.magento.AppTest -->
